PART   accessdb
   DIRECTORY ingres!files!english
   BUILD_DIR (ING_BUILD)!files!english
      FILE icaccgr.hlp
      FILE icauthhi.hlp
      FILE iccats.hlp
      FILE icdbacc.hlp
      FILE icdbace.hlp
      FILE icdbfrm.hlp
      FILE icdblst.hlp
      FILE icdbpacc.hlp
      FILE icdbtbl.hlp
      FILE icelocfm.hlp
      FILE icelstfr.hlp
      FILE iceusrfr.hlp
      FILE icext.hlp
      FILE icextfrm.hlp
      FILE icdefacc.hlp
      FILE icgrprol.hlp
      FILE icinsacc.hlp
      FILE iciwaccg.hlp
      FILE iclpick.hlp
      FILE iclstfrm.hlp
      FILE icmgr.hlp
      FILE icnlocfm.hlp
      FILE icprivs.hlp
      FILE icrextfr.hlp
      FILE icrlocfm.hlp
      FILE icroacc.hlp
      FILE icrodbfr.hlp
      FILE icrusrfr.hlp
      FILE icsavend.hlp
      FILE icucats.hlp
      FILE icusr.hlp
      FILE icusrfrm.hlp
      FILE icusrtbl.hlp
      FILE icusrpwd.hlp 
   DIRECTORY ingres!bin
   BUILD_DIR (ING_BUILD)!bin
      SCRIPT accessdb
      SCRIPT catalogdb
      EXECUTABLE chset_install
      EXECUTABLE ingcntrl
      EXECUTABLE extenddb
      EXECUTABLE unextenddb
