PART   config
   DIRECTORY ingres!files
   BUILD_DIR (ING_BUILD)!files
      FILE cbfhelp.dat
      FILE cbfunits.dat
      FILE cbf.map
   DIRECTORY ingres!files!english
   BUILD_DIR (ING_BUILD)!files!english
      FILE async.hlp
      FILE c2audmec.hlp
      FILE c2flush.hlp
      FILE c2lmaxsz.hlp
      FILE c2logful.hlp
      FILE c2lpagsz.hlp
      FILE c2oneror.hlp
      FILE c2secaud.hlp
      FILE c2shrbuf.hlp
      FILE c2swilog.hlp
      FILE c2wtstrt.hlp
      FILE cachlock.hlp
      FILE cachname.hlp
      FILE cachshar.hlp
      FILE cbfmain.hlp
      FILE cbfsysck.hlp
      FILE dascmax.hlp
      FILE dascps.hlp
      FILE dascpsz.hlp
      FILE daspexp.hlp
      FILE dasprots.hlp
      FILE dastime.hlp
      FILE dbmsacct.hlp
      FILE dbmsalim.hlp
      FILE dbmsambi.hlp
      FILE dbmsbufc.hlp
      FILE dbmscach.hlp
      FILE dbmsclim.hlp
      FILE dbmscore.hlp
      FILE dbmscpus.hlp
      FILE dbmscrsr.hlp
      FILE dbmscrop.hlp
      FILE dbmscurs.hlp
      FILE dbmsdefs.hlp
      FILE dbmsdlim.hlp
      FILE dbmsdlst.hlp
      FILE dbmsdmfa.hlp
      FILE dbmsdmfc.hlp
      FILE dbmsdmfe.hlp
      FILE dbmsdmff.hlp
      FILE dbmsdmfg.hlp
      FILE dbmsdmfl.hlp
      FILE dbmsdmfm.hlp
      FILE dbmsdmfs.hlp
      FILE dbmsdmgr.hlp
      FILE dbmsdmgu.hlp
      FILE dbmsdpgs.hlp
      FILE dbmsepgs.hlp
      FILE dbmsestr.hlp
      FILE dbmsevnt.hlp
      FILE dbmsevpr.hlp
      FILE dbmsfast.hlp
      FILE dbmsflag.hlp
      FILE dbmsflat.hlp
      FILE dbmsflsi.hlp
      FILE dbmsimag.hlp
      FILE dbmsints.hlp
      FILE dbmsisol.hlp
      FILE dbmsjrnl.hlp
      FILE dbmslkmx.hlp
      FILE dbmslklv.hlp
      FILE dbmslkrd.hlp
      FILE dbmslkto.hlp
      FILE dbmslogw.hlp
      FILE dbmslrsc.hlp
      FILE dbmslrut.hlp
      FILE dbmsltsc.hlp
      FILE dbmsltut.hlp
      FILE dbmsmdep.hlp
      FILE dbmsmtpl.hlp
      FILE dbmsname.hlp
      FILE dbmsnrst.hlp
      FILE dbmsopfa.hlp
      FILE dbmsopff.hlp
      FILE dbmsopfi.hlp
      FILE dbmsopfj.hlp
      FILE dbmsopfm.hlp
      FILE dbmsopfo.hlp
      FILE dbmsopfs.hlp
      FILE dbmsopft.hlp
      FILE dbmsophj.hlp
      FILE dbmsopja.hlp
      FILE dbmsopjt.hlp
      FILE dbmsopon.hlp
      FILE dbmspibs.hlp
      FILE dbmspinb.hlp
      FILE dbmspqdo.hlp
      FILE dbmspqpa.hlp
      FILE dbmspqth.hlp
      FILE dbmspsbs.hlp
      FILE dbmspsfm.hlp
      FILE dbmspsfv.hlp
      FILE dbmspsmx.hlp
      FILE dbmspsnt.hlp
      FILE dbmspsrt.hlp
      FILE dbmsqedm.hlp
      FILE dbmsqefd.hlp
      FILE dbmsqefh.hlp
      FILE dbmsqefs.hlp
      FILE dbmsqesh.hlp
      FILE dbmsqmms.hlp
      FILE dbmsqsfg.hlp
      FILE dbmsqsfm.hlp
      FILE dbmsquan.hlp
      FILE dbmsrdel.hlp
      FILE dbmsrdep.hlp
      FILE dbmsrdfc.hlp
      FILE dbmsrdfm.hlp
      FILE dbmsrdfs.hlp
      FILE dbmsrdft.hlp
      FILE dbmsrepq.hlp
      FILE dbmsrept.hlp
      FILE dbmsress.hlp
      FILE dbmsrnlk.hlp
      FILE dbmsrpdq.hlp
      FILE dbmsrpdt.hlp
      FILE dbmsrpiq.hlp
      FILE dbmsrpsa.hlp
      FILE dbmsrupd.hlp
      FILE dbmsscfr.hlp
      FILE dbmssess.hlp
      FILE dbmssiob.hlp
      FILE dbmssole.hlp
      FILE dbmssrvr.hlp
      FILE dbmsssiz.hlp
      FILE dbmsstca.hlp
      FILE dbmstbst.hlp
      FILE dbmstcbl.hlp
      FILE dbmstxlg.hlp
      FILE dbmsulmc.hlp
      FILE dbmsunxp.hlp
      FILE dbmswthd.hlp
      FILE dbmsxsid.hlp
      FILE dmcm.hlp
      FILE directio.hlp
      FILE dizbufsize.hlp
      FILE fdaffinity.hlp
      FILE gather.hlp
      FILE gcbprots.hlp
      FILE gcbvnode.hlp
      FILE gcbibmax.hlp
      FILE gccloglv.hlp
      FILE gcfmech.hlp
      FILE gcfmechan.hlp 
      FILE gcfmechloc.hlp
      FILE gcfremote.hlp
      FILE gcfsecuremech.hlp
      FILE gcfmechingenabled.hlp
      FILE gcfmechingexpreq.hlp
      FILE gcfmechingexptime.hlp
      FILE gcfmechkerbdelegation.hlp
      FILE gcfmechkerbdomain.hlp
      FILE gcfmechkerbenabled.hlp
      FILE gcfmechkerbentry.hlp
      FILE gcfmechkerbmodule.hlp
      FILE gcfmechnullenabled.hlp
      FILE gcfmechsysenabled.hlp
      FILE gcfpwdmech.hlp
      FILE gcfremotemech.hlp
      FILE gcfrestrictpwd.hlp
      FILE gcfrestrictrem.hlp
      FILE gcfrestrictsrv.hlp
      FILE gcfrestrictusr.hlp
      FILE gcfservermech.hlp
      FILE gcfusermech.hlp
      FILE gcinterval.hlp
      FILE gcnbchktimeout.hlp
      FILE gcnchktype.hlp
      FILE gcncomppoint.hlp
      FILE gcnexpint.hlp
      FILE gcninter.hlp
      FILE gcnlnode.hlp
      FILE gcnmech.hlp
      FILE gcnregtype.hlp
      FILE gcnrmech.hlp
      FILE gcnrnode.hlp
      FILE gcnsessl.hlp
      FILE gcnsrvcl.hlp
      FILE gcntickexp.hlp
      FILE gcnticksz.hlp
      FILE gcntimeout.hlp
      FILE gcnumticks.hlp
      FILE gcthresh.hlp
      FILE general.hlp
      FILE gwdate.hlp
      FILE gwdbevpl.hlp
      FILE gwnlsdate.hlp
      FILE gwedretn.hlp
      FILE gwpstmax.hlp
      FILE gwqual.hlp
      FILE gwblobdt.hlp
      FILE gwblobln.hlp
      FILE gwclobln.hlp
      FILE gwsqldasz.hlp
      FILE gwsqueez.hlp
      FILE gwvchcmp.hlp
      FILE gwtrace_file.hlp
      FILE gwtrace_full.hlp
      FILE gwtrace_init.hlp
      FILE gwtypecast_strlen.hlp
      FILE ingstop.hlp 
      FILE lckhsize.hlp
      FILE lcklistl.hlp
      FILE lcklockl.hlp
      FILE lckrhash.hlp
      FILE lcktxlim.hlp
      FILE logarcin.hlp
      FILE logarcrf.hlp
      FILE logbfcnt.hlp
      FILE logblksz.hlp
      FILE logcpimb.hlp
      FILE logcpint.hlp
      FILE logdblim.hlp
      FILE logfabrt.hlp
      FILE logfllim.hlp
      FILE logtxlim.hlp
      FILE missing.hlp
      FILE neterrlvl.hlp
      FILE netibmax.hlp
      FILE netiencryptmech.hlp 
      FILE netiencryptmode.hlp 
      FILE netmech.hlp 
      FILE netmsgconcat.hlp
      FILE netobmax.hlp
      FILE netoencryptmech.hlp 
      FILE netoencryptmode.hlp 
      FILE netprots.hlp
      FILE netregtype.hlp
      FILE rcplgkml.hlp
      FILE rcpresli.hlp
      FILE reccptim.hlp
      FILE seclevel.hlp
      FILE secome.hlp
      FILE secpaswd.hlp
      FILE secraudf.hlp
      FILE secrauky.hlp
      FILE secroles.hlp
      FILE secrolps.hlp
      FILE starnrec.hlp
      FILE starobmx.hlp
      FILE starrdfa.hlp
      FILE starrdfd.hlp
      FILE syscheck.hlp
      FILE tcachsiz.hlp
      FILE vchcomp.hlp
      FILE rmscachshar.hlp
   DIRECTORY ingres!utility
   BUILD_DIR (ING_BUILD)!utility
      SCRIPT iichkraw
      EXECUTABLE cbf
