PART   documentation
   DIRECTORY ingres!files!english
   BUILD_DIR (ING_BUILD)!files!english
      FILE Bookshelf.pdf
      FILE cmdref.pdf
      FILE connect.pdf
      FILE dba.pdf
      FILE dtp.pdf
      FILE equel.pdf
      FILE esql.pdf
      FILE fadt.pdf
      FILE ice.pdf
      FILE ingres.pdx
      FILE ipm.pdf
      FILE mg.pdf
      FILE oapi.pdf
      FILE ome.pdf
      FILE osql.pdf
      FILE qry.pdf
      FILE quel.pdf
      FILE rep.pdf
      FILE rms.pdf
      FILE rs.pdf
      FILE sql.pdf
      FILE star.pdf
      FILE sysadm.pdf
      FILE install.pdf
      FILE qs_linux.pdf
      FILE qs_windows.pdf
   DIRECTORY ingres!files!english!ingres
   BUILD_DIR (ING_BUILD)!files!english!ingres
      FILE index.idx
      FILE index1.idx
