PART   install
DIRECTORY ingres!install
   BUILD_DIR (ING_SRC)
      FILE %LICENSE%
   BUILD_DIR (ING_BUILD)!manifest
      FILE abf.hlp
      FILE api.hlp
      FILE api64.hlp
      FILE bridge.hlp
      FILE db2udb.hlp
      FILE db2udbpackage.hlp
      FILE dbms.hlp
      FILE dbms64.hlp
      FILE dbmsnet.hlp
      FILE dbmsstar.hlp
      FILE documentation.hlp
      FILE custominst.hlp
      FILE esql.hlp
      FILE esql64.hlp
      FILE esqlada.hlp
      FILE esqlbas.hlp
      FILE esqlc.hlp
      FILE esqlcc.hlp
      FILE esqlcob.hlp
      FILE esqlfor.hlp
      FILE esqlpas.hlp
      FILE ice.hlp
      FILE ice64.hlp
      FILE ingbase.hlp
      FILE ingbuild.hlp
      FILE installf.hlp
      FILE currform.hlp
      FILE mwvisualtools.hlp
      FILE net.hlp
      FILE netclient.hlp
      FILE oldmsg.hlp
      FILE ome.hlp
      FILE ome64.hlp
      FILE oracle.hlp
      FILE qr_run.hlp
      FILE qr_tools.hlp
      FILE rdbms.hlp
      FILE rep.hlp
      FILE c2audit.hlp
      FILE spatial.hlp
      FILE spatial64.hlp
      FILE standalone.hlp
      FILE star.hlp
      FILE tm.hlp
      FILE tuxedo.hlp
      FILE tuxedo64.hlp
      FILE userint.hlp
      FILE vdba.hlp
      FILE vision.hlp
      FILE vispro.hlp
      FILE das.hlp
      FILE odbc.hlp
      FILE odbc64.hlp
      FILE i18n.hlp
   BUILD_DIR (ING_BUILD)!files
   BUILD_DIR (ING_BUILD)!utility
      EXECUTABLE ingbuild
      EXECUTABLE iichksum
      EXECUTABLE iisubset
      SCRIPT mkimage
      SCRIPT delshlib
      SCRIPT pfinstall
	  SCRIPT pfsave
	  SCRIPT pfrestore
	  SCRIPT pffiles
    BUILD_DIR (ING_BUILD)!bin
      EXECUTABLE pax
   BUILD_DIR (ING_BUILD)!files!ucharmaps
      FILE default
   BUILD_DIR (ING_BUILD)!files!collation
      FILE udefault
