PART  montools
   BUILD_DIR (ING_BUILD)!files!english
   DIRECTORY ingres!files!english
      FILE ipmdbaop.hlp
      FILE ipmdplgd.hlp
      FILE ipmdplgp.hlp
      FILE ipmdplkl.hlp
      FILE ipmdplkr.hlp
      FILE ipmdslgt.hlp
      FILE ipmdspdb.hlp
      FILE ipmdsplt.hlp
      FILE ipmdspsv.hlp
      FILE ipmlkltd.hlp
      FILE ipmlkrdt.hlp
      FILE ipmmain.hlp
      FILE ipmsesdt.hlp
      FILE ipmshlgh.hlp
      FILE ipmshlgs.hlp
      FILE ipmshlks.hlp
      FILE ipmshopr.hlp
      FILE ipmshses.hlp
      FILE ipmshut.hlp
      FILE ipmshwbk.hlp
      FILE ipmshwop.hlp
      FILE ipmsvdet.hlp
   BUILD_DIR (ING_BUILD)!bin
   DIRECTORY ingres!bin
      EXECUTABLE ipm
