PART   mwvdba
   DIRECTORY ingres!files
   BUILD_DIR (ING_BUILD)!files
      FILE ingres.dtd
   BUILD_DIR (ING_BUILD)!lib
   DIRECTORY ingres!lib
      {
      EXECUTABLE libcato3cnt.$MWSLSFX
      FILE cato3cnt.rsb
      EXECUTABLE libcato3dat.$MWSLSFX
      FILE cato3dat.rsb
      EXECUTABLE libcato3msk.$MWSLSFX
      FILE cato3msk.rsb
      EXECUTABLE libcato3nbr.$MWSLSFX
      FILE cato3nbr.rsb
      EXECUTABLE libcato3spn.$MWSLSFX
      FILE cato3spn.rsb
      EXECUTABLE libcato3tim.$MWSLSFX
      FILE cato3tim.rsb
      EXECUTABLE libcatolbox.$MWSLSFX
      FILE catolbox.rsb
      EXECUTABLE libcatolist.$MWSLSFX
      FILE catolist.rsb
      EXECUTABLE liblbtreelp.$MWSLSFX
      FILE lbtreelp.rsb
      EXECUTABLE libtkanimat.$MWSLSFX
      FILE tkanimat.rsb
      EXECUTABLE libtksplash.$MWSLSFX
      FILE tksplash.rsb
      PERMISSION s:re,o:rwed,g:re,w:re
      }
   DIRECTORY ingres!bin
   BUILD_DIR (ING_BUILD)!bin
      EXECUTABLE vdba
      FILE vdba.cnt
      FILE vdba.hlp
      FILE vdba.rsb
      EXECUTABLE vcbf
      FILE vcbf.rsb
      EXECUTABLE ivm
      FILE ivm.cnt
      FILE ivm.hlp
      FILE ivm.rsb
      EXECUTABLE winstart
      FILE winstart.rsb
      EXECUTABLE ija
      FILE ija.rsb
      FILE ija.hlp
      FILE ija.cnt
      EXECUTABLE iia
      FILE iia.rsb
      FILE iia.hlp
      FILE iia.cnt
      FILE qrywiz.hlp
      EXECUTABLE ingnet
      FILE ingnet.rsb
    DIRECTORY ingres!vdba
    BUILD_DIR (ING_BUILD)!vdba
	EXECUTABLE libsvriia.$MWSLSFX
	FILE svriia.rsb	
	EXECUTABLE ijactrl.ocx
	FILE ijactrl.rsb
