PART   orrun
   capability CI_WINDOWS4GL_RUNTIME
   DIRECTORY ingres
   BUILD_DIR (ING_BUILD)
      FILE w4glrun.rel
   DIRECTORY ingres!bin
   BUILD_DIR (ING_BUILD)!bin
      EXECUTABLE repprint
      FILE repprint.rxt
      SCRIPT runimage
      EXECUTABLE w4glrun
      FILE w4glrun.rxb
      FILE w4glrun.rxt
   DIRECTORY ingres!lib
   BUILD_DIR (ING_BUILD)!lib
      EXECUTABLE libor4glnt.so
      EXECUTABLE libreporter.so
      FILE or4glnt.rxb
      FILE or4glnt.rxt
      FILE libreporter.rxb
      FILE libreporter.rxt
   DIRECTORY ingres!files
   BUILD_DIR (ING_BUILD)!files
      FILE aixw.ff
      FILE apped.ctb
      FILE apped2.ff
      FILE appedtt.ff
      FILE appedtt2.ff
      FILE at101key.kbd
      FILE connect.gif
      FILE decw.ff
      FILE depth4.ctb
      FILE depth4_05.ctb
      FILE depth8.ctb
      FILE depth8_05.ctb
      FILE graphon.ff
      FILE graphon.kbd
      FILE hp46021a.kbd
      FILE ibmxst.ff
      FILE ncdn97.kbd
      FILE orsplash.gif
      FILE suntype3.kbd
      FILE suntype4.kbd
      FILE suntype5.kbd
      FILE tifftbls.dat
      FILE vt220.kbd
      FILE vt220u.kbd
      FILE w4gl2acc.kbd
      FILE w4gl3acc.kbd
      FILE wdepth4.ctb
      FILE wdepth8.ctb
   DIRECTORY ingres!files!deffiles
   BUILD_DIR (ING_BUILD)!files!deffiles
      FILE runimage.def
   DIRECTORY ingres!files!english
   BUILD_DIR (ING_BUILD)!files!english
      FILE fw4gv4.mnx
      FILE sw4gv4.mnx
   DIRECTORY ingres!w4glapps
   BUILD_DIR (ING_BUILD)!w4glapps
      FILE core.plb
      FILE finance.pkg
      FILE iiscred.img
      FILE iiutil.img
      FILE mastdetl.pkg
      FILE misc.pkg
      FILE repcomp.img
      FILE repgen.img
      FILE repopen.img
      FILE reporprint.img
      FILE reporter.img
      FILE repquery.img
      FILE repsetup.img
      FILE stat.pkg
