PART  rbf
   capability CI_RBF
   BUILD_DIR (ING_BUILD)!files!english
   DIRECTORY ingres!files!english
      FILE rbfcat.hlp
      FILE rbfcopt.hlp
      FILE rbffile.hlp
      FILE rbfprint.hlp
      FILE rbfprmt.hlp
      FILE rbfrfmt.hlp
      FILE rbfropt.hlp
      FILE rbfutils.hlp
      FILE rbfvar.hlp
      FILE rfagg.hlp
      FILE rfaggc.hlp
      FILE rfaggu.hlp
      FILE rfarchv.hlp
      FILE rfbrkopt.hlp
      FILE rfccadd.hlp
      FILE rfccmove.hlp
      FILE rfchcols.hlp
      FILE rfcols.hlp
      FILE rfcrsect.hlp
      FILE rfdest.hlp
      FILE rfdetail.hlp
      FILE rffrmfd.hlp
      FILE rfgtndup.hlp
      FILE rfgtnjd.hlp
      FILE rfgtntbl.hlp
      FILE rfincl.hlp
      FILE rfindbrk.hlp
      FILE rfindop.hlp
      FILE rflpjd.hlp
      FILE rflprpt.hlp
      FILE rfnwpag.hlp
      FILE rfpghdr.hlp
      FILE rfrstff.hlp
      FILE rfsave.hlp
      FILE rfsect.hlp
      FILE rfselvl.hlp
      FILE rfsource.hlp
      FILE rfsrtdr.hlp
      FILE rfstruct.hlp
      FILE rfstyles.hlp
      FILE rfund.hlp
      FILE rfwidrep.hlp
  {
   BUILD_DIR (ING_BUILD)!bin
   DIRECTORY ingres!bin
      EXECUTABLE rbf
  }
