PART   zoneinfo
   DIRECTORY ingres!utility
   BUILD_DIR (ING_BUILD)!utility
      EXECUTABLE iizck
      EXECUTABLE iizic
   DIRECTORY ingres!files!zoneinfo!gmt
   BUILD_DIR (ING_BUILD)!files!zoneinfo!gmt
      FILE gmt
      FILE gmt-12
      FILE gmt-11
      FILE gmt-10
      FILE gmt-9
      FILE gmt-8
      FILE gmt-7
      FILE gmt-6
      FILE gmt-5
      FILE gmt-4
      FILE gmt-3
      FILE gmt-2
      FILE gmt-1
      FILE gmt1
      FILE gmt2
      FILE gmt3
      FILE gmt4
      FILE gmt5
      FILE gmt6
      FILE gmt7
      FILE gmt8
      FILE gmt9
      FILE gmt10
      FILE gmt11
      FILE gmt12
      FILE gmt13
      FILE gmt-2half
      FILE gmt-3half
      FILE gmt3half
      FILE gmt5half
      FILE gmt9half
      FILE gmt10half
   DIRECTORY ingres!files!zoneinfo!asia
   BUILD_DIR (ING_BUILD)!files!zoneinfo!asia
      FILE prc
      FILE roc
      FILE hongkong
      FILE japan
      FILE korea
      FILE india
      FILE pakistan
      FILE moscow2
      FILE moscow3
      FILE moscow4
      FILE moscow5
      FILE moscow6
      FILE moscow7
      FILE moscow8
      FILE moscow9
   DIRECTORY ingres!files!zoneinfo!astrl
   BUILD_DIR (ING_BUILD)!files!zoneinfo!astrl
      FILE tsmni
      FILE qnslnd
      FILE ausnorth
      FILE auswest
      FILE aussouth
      FILE vctr
      FILE nsw
      FILE lhi
      FILE yanco
   DIRECTORY ingres!files!zoneinfo!mideast
   BUILD_DIR (ING_BUILD)!files!zoneinfo!mideast
      FILE egypt
      FILE kuwait
      FILE iran
      FILE israel
      FILE saudi
   DIRECTORY ingres!files!zoneinfo!na
   BUILD_DIR (ING_BUILD)!files!zoneinfo!na
      FILE eastern
      FILE central
      FILE mountain
      FILE pacific
      FILE alaska
      FILE nwfdlnd
      FILE atlantic
      FILE yukon
      FILE mxbajan
      FILE mxbajas
      FILE mxgen
   DIRECTORY ingres!files!zoneinfo!sp
   BUILD_DIR (ING_BUILD)!files!zoneinfo!sp
      FILE hawaii
      FILE nz
      FILE nz-chat
   DIRECTORY ingres!files!zoneinfo!europe
   BUILD_DIR (ING_BUILD)!files!zoneinfo!europe
      FILE gb
      FILE euwest
      FILE eucntrl
      FILE poland
      FILE eueast
      FILE moscow-1
      FILE moscow
      FILE moscow1
      FILE turkey
   DIRECTORY ingres!files!zoneinfo!sa
   BUILD_DIR (ING_BUILD)!files!zoneinfo!sa
      FILE bzeast
      FILE bzwest
      FILE bzacre
      FILE bzden
      FILE chlcont
      FILE easteris
   DIRECTORY ingres!files!zoneinfo!seasia
   BUILD_DIR (ING_BUILD)!files!zoneinfo!seasia
      FILE indowest
      FILE indocntr
      FILE indoeast
      FILE malaysia
      FILE phlppns
      FILE sngpr
      FILE thailand
      FILE vietnam
   DIRECTORY ingres!sig!tz
   BUILD_DIR (ING_BUILD)!sig!tz
	FILE australasia.tz
	FILE howto.txt
	FILE iiworld.tz
	FILE readme.html
