PART   zoneinfo32
   DIRECTORY ingres!utility!lp32
   BUILD_DIR (ING_BUILD)!utility!lp32
      EXECUTABLE iizck
      EXECUTABLE iizic
   DIRECTORY ingres!files!zoneinfo!lp32!gmt
   BUILD_DIR (ING_BUILD)!files!zoneinfo!lp32!gmt
      FILE gmt
      FILE gmt-12
      FILE gmt-11
      FILE gmt-10
      FILE gmt-9
      FILE gmt-8
      FILE gmt-7
      FILE gmt-6
      FILE gmt-5
      FILE gmt-4
      FILE gmt-3
      FILE gmt-2
      FILE gmt-1
      FILE gmt1
      FILE gmt2
      FILE gmt3
      FILE gmt4
      FILE gmt5
      FILE gmt6
      FILE gmt7
      FILE gmt8
      FILE gmt9
      FILE gmt10
      FILE gmt11
      FILE gmt12
      FILE gmt13
      FILE gmt-2half
      FILE gmt-3half
      FILE gmt3half
      FILE gmt5half
      FILE gmt9half
      FILE gmt10half
   DIRECTORY ingres!files!zoneinfo!lp32!asia
   BUILD_DIR (ING_BUILD)!files!zoneinfo!lp32!asia
      FILE prc
      FILE roc
      FILE hongkong
      FILE japan
      FILE korea
      FILE india
      FILE pakistan
   DIRECTORY ingres!files!zoneinfo!lp32!astrl
   BUILD_DIR (ING_BUILD)!files!zoneinfo!lp32!astrl
      FILE tsmni
      FILE qnslnd
      FILE ausnorth
      FILE auswest
      FILE aussouth
      FILE vctr
      FILE nsw
      FILE lhi
      FILE yanco
   DIRECTORY ingres!files!zoneinfo!lp32!mideast
   BUILD_DIR (ING_BUILD)!files!zoneinfo!lp32!mideast
      FILE egypt
      FILE kuwait
      FILE iran
      FILE israel
      FILE saudi
   DIRECTORY ingres!files!zoneinfo!lp32!na
   BUILD_DIR (ING_BUILD)!files!zoneinfo!lp32!na
      FILE eastern
      FILE central
      FILE mountain
      FILE pacific
      FILE alaska
      FILE nwfdlnd
      FILE atlantic
      FILE yukon
      FILE mxbajan
      FILE mxbajas
      FILE mxgen
   DIRECTORY ingres!files!zoneinfo!lp32!sp
   BUILD_DIR (ING_BUILD)!files!zoneinfo!lp32!sp
      FILE hawaii
      FILE nz
      FILE nz-chat
   DIRECTORY ingres!files!zoneinfo!lp32!europe
   BUILD_DIR (ING_BUILD)!files!zoneinfo!lp32!europe
      FILE gb
      FILE euwest
      FILE eucntrl
      FILE poland
      FILE eueast
      FILE moscow
      FILE turkey
   DIRECTORY ingres!files!zoneinfo!lp32!sa
   BUILD_DIR (ING_BUILD)!files!zoneinfo!lp32!sa
      FILE bzeast
      FILE bzwest
      FILE bzacre
      FILE bzden
      FILE chlcont
      FILE easteris
   DIRECTORY ingres!files!zoneinfo!lp32!seasia
   BUILD_DIR (ING_BUILD)!files!zoneinfo!lp32!seasia
      FILE indowest
      FILE indocntr
      FILE indoeast
      FILE malaysia
      FILE phlppns
      FILE sngpr
      FILE thailand
      FILE vietnam
   DIRECTORY ingres!sig!tz
   BUILD_DIR (ING_BUILD)!sig!tz
        FILE readme.html
        FILE iiworld.tz
