PART   abf
   capability CI_ABF
   DIRECTORY ingres!files
   BUILD_DIR (ING_BUILD)!files
      FILE utldcob.def
      FILE abfurts.h
      FILE frame2.h
      FILE frame60.h
      FILE frame61.h
      FILE oslhdr.h
   DIRECTORY ingres!files!english
   BUILD_DIR (ING_BUILD)!files!english
      FILE ab4glpmi.hlp
      FILE ab4glpro.hlp
      FILE abcatlog.hlp
      FILE abchcomp.hlp
      FILE abchstrt.hlp
      FILE abchstyl.hlp
      FILE abcmpcrt.hlp
      FILE abcmppik.hlp
      FILE abcomps.hlp
      FILE abcreate.hlp
      FILE abcustrg.hlp
      FILE abdbprmi.hlp
      FILE abdbproc.hlp
      FILE abdeflts.hlp
      FILE abdetail.hlp
      FILE abedlock.hlp
      FILE abedtapp.hlp
      FILE abedtatt.hlp
      FILE abedtcls.hlp
      FILE abedtcon.hlp
      FILE abedtglo.hlp
      FILE abfclup.hlp
      FILE abfcnsov.hlp
      FILE abfconst.hlp
      FILE abfflst.hlp
      FILE abffrmst.hlp
      FILE abfgrafd.hlp
      FILE abfgrami.hlp
      FILE abfimage.hlp
      FILE abfqbfd.hlp
      FILE abfqbfmi.hlp
      FILE abfratts.hlp
      FILE abfrepmi.hlp
      FILE abfrepwd.hlp
      FILE abfrmpik.hlp
      FILE abfrunhl.hlp
      FILE abfusemi.hlp
      FILE abfuserd.hlp
      FILE abfvars.hlp
      FILE abgconsf.hlp
      FILE abhgbfmu.hlp
      FILE abhlpik.hlp
      FILE abhlprmi.hlp
      FILE abhlproc.hlp
      FILE abhrepmu.hlp
      FILE abhufrm.hlp
      FILE abhuproc.hlp
      FILE abhvigmu.hlp
      FILE ablnkapp.hlp
      FILE ablokadm.hlp
      FILE ablokdel.hlp
      FILE ablokdet.hlp
      FILE abloktr.hlp
      FILE abmurg.hlp
      FILE abnewtop.hlp
      FILE abnwedit.hlp
      FILE abpaswrd.hlp
      FILE abpropik.hlp
      FILE abprvpwd.hlp
      FILE abrtlkql.hlp
      FILE abrtlkup.hlp
      FILE absrchql.hlp
      FILE abutilty.hlp
   DIRECTORY ingres!bin
   BUILD_DIR (ING_BUILD)!bin
      SCRIPT abf
      SCRIPT abfimage
      SCRIPT imageapp
      EXECUTABLE copyapp
      EXECUTABLE iiabf
      EXECUTABLE iiexport
      EXECUTABLE iiimport
      EXECUTABLE iiinterp
      EXECUTABLE osl
      EXECUTABLE oslsql
   DIRECTORY ingres!utility
   BUILD_DIR (ING_BUILD)!utility
      SCRIPT SETUP iisuabf
   BUILD_DIR (ING_BUILD)!lib
   DIRECTORY ingres!lib
      FILE abfimain.obj
      FILE abfmain.obj
