PART	api  
   DIRECTORY ingres!files
   BUILD_DIR (ING_BUILD)!files
   FILE iiapi.h
   FILE iiapidep.h
   DIRECTORY ingres!lib
   BUILD_DIR (ING_BUILD)!lib
   FILE libiiapi.a
   DIRECTORY ingres!demo!api
   BUILD_DIR (ING_BUILD)!demo!api
    FILE apiaclnt.c
    FILE apiaclnt.h
    FILE apiademo.c
    FILE apiademo.h
    FILE apiasvr.c
    FILE apiasvr.h
    FILE apiautil.c
    FILE apiautil.h
    FILE apis2ph1.c
    FILE apis2ph2.c
    FILE apisauto.c
    FILE apisblob.c
    FILE apiscdel.c
    FILE apiscomm.c
    FILE apisconn.c
    FILE apiscopy.c
    FILE apiscupd.c
    FILE apisdata.c
    FILE apiserr.c
    FILE apisinit.c
    FILE apisname.c
    FILE apisparm.c
    FILE apisprbr.c
    FILE apisprgt.c
    FILE apisproc.c
    FILE apisprrp.c
    FILE apisrept.c
    FILE apisroll.c
    FILE apisscrl.c
    FILE apisselc.c
    FILE apissell.c
   FILE Makefile
