PART   charsets
   DIRECTORY ingres!files
   BUILD_DIR (ING_BUILD)!files
      FILE xmlname.map
   DIRECTORY ingres!files!charsets
   BUILD_DIR (ING_BUILD)!files!charsets
      FILE gcccset.nam
      FILE gcccset.xlt
   DIRECTORY ingres!files!charsets!alt
   BUILD_DIR (ING_BUILD)!files!charsets!alt
      FILE desc.chx
   DIRECTORY ingres!files!charsets!arabic
   BUILD_DIR (ING_BUILD)!files!charsets!arabic
      FILE desc.chx
   DIRECTORY ingres!files!charsets!chineses
   BUILD_DIR (ING_BUILD)!files!charsets!chineses
      FILE desc.chx
   DIRECTORY ingres!files!charsets!chineset
   BUILD_DIR (ING_BUILD)!files!charsets!chineset
      FILE desc.chx
   DIRECTORY ingres!files!charsets!csgbk
   BUILD_DIR (ING_BUILD)!files!charsets!csgbk
      FILE desc.chx
   DIRECTORY ingres!files!charsets!csgb2312
   BUILD_DIR (ING_BUILD)!files!charsets!csgb2312
      FILE desc.chx
   DIRECTORY ingres!files!charsets!cw
   BUILD_DIR (ING_BUILD)!files!charsets!cw
      FILE desc.chx
   DIRECTORY ingres!files!charsets!decmulti
   BUILD_DIR (ING_BUILD)!files!charsets!decmulti
      FILE desc.chx
   DIRECTORY ingres!files!charsets!elot437
   BUILD_DIR (ING_BUILD)!files!charsets!elot437
      FILE desc.chx
   DIRECTORY ingres!files!charsets!greek
   BUILD_DIR (ING_BUILD)!files!charsets!greek
      FILE desc.chx
   DIRECTORY ingres!files!charsets!hebrew
   BUILD_DIR (ING_BUILD)!files!charsets!hebrew
      FILE desc.chx
   DIRECTORY ingres!files!charsets!hproman8
   BUILD_DIR (ING_BUILD)!files!charsets!hproman8
      FILE desc.chx
   DIRECTORY ingres!files!charsets!ibmpc437
   BUILD_DIR (ING_BUILD)!files!charsets!ibmpc437
      FILE desc.chx
   DIRECTORY ingres!files!charsets!ibmpc850
   BUILD_DIR (ING_BUILD)!files!charsets!ibmpc850
      FILE desc.chx
   DIRECTORY ingres!files!charsets!ibmpc866
   BUILD_DIR (ING_BUILD)!files!charsets!ibmpc866
      FILE desc.chx
   BUILD_DIR (ING_BUILD)!files!charsets!iso88591
   DIRECTORY ingres!files!charsets!iso88591
      FILE desc.chx
   DIRECTORY ingres!files!charsets!iso88592
   BUILD_DIR (ING_BUILD)!files!charsets!iso88592
      FILE desc.chx
   DIRECTORY ingres!files!charsets!iso88595
   BUILD_DIR (ING_BUILD)!files!charsets!iso88595
      FILE desc.chx
   DIRECTORY ingres!files!charsets!iso88597
   BUILD_DIR (ING_BUILD)!files!charsets!iso88597
      FILE desc.chx
   DIRECTORY ingres!files!charsets!iso88599
   BUILD_DIR (ING_BUILD)!files!charsets!iso88599
      FILE desc.chx
   BUILD_DIR (ING_BUILD)!files!charsets!is885915
   DIRECTORY ingres!files!charsets!is885915
      FILE desc.chx
   DIRECTORY ingres!files!charsets!kanjieuc
   BUILD_DIR (ING_BUILD)!files!charsets!kanjieuc
      FILE desc.chx
   DIRECTORY ingres!files!charsets!koi8
   BUILD_DIR (ING_BUILD)!files!charsets!koi8
      FILE desc.chx
   DIRECTORY ingres!files!charsets!korean
   BUILD_DIR (ING_BUILD)!files!charsets!korean
      FILE desc.chx
   DIRECTORY ingres!files!charsets!pc737
   BUILD_DIR (ING_BUILD)!files!charsets!pc737
      FILE desc.chx
   DIRECTORY ingres!files!charsets!pc857
   BUILD_DIR (ING_BUILD)!files!charsets!pc857
      FILE desc.chx
   DIRECTORY ingres!files!charsets!shiftjis
   BUILD_DIR (ING_BUILD)!files!charsets!shiftjis
      FILE desc.chx
   DIRECTORY ingres!files!charsets!slav852
   BUILD_DIR (ING_BUILD)!files!charsets!slav852
      FILE desc.chx
   DIRECTORY ingres!files!charsets!thai
   BUILD_DIR (ING_BUILD)!files!charsets!thai
      FILE desc.chx
   DIRECTORY ingres!files!charsets!win1250
   BUILD_DIR (ING_BUILD)!files!charsets!win1250
      FILE desc.chx
   DIRECTORY ingres!files!charsets!win1252
   BUILD_DIR (ING_BUILD)!files!charsets!win1252
      FILE desc.chx
   DIRECTORY ingres!files!charsets!win1253
   BUILD_DIR (ING_BUILD)!files!charsets!win1253
      FILE desc.chx
   DIRECTORY ingres!files!charsets!chtbig5
   BUILD_DIR (ING_BUILD)!files!charsets!chtbig5
      FILE desc.chx
   DIRECTORY ingres!files!charsets!chthp
   BUILD_DIR (ING_BUILD)!files!charsets!chthp
      FILE desc.chx
   DIRECTORY ingres!files!charsets!chteuc
   BUILD_DIR (ING_BUILD)!files!charsets!chteuc
      FILE desc.chx
   DIRECTORY ingres!files!charsets!wthai
   BUILD_DIR (ING_BUILD)!files!charsets!wthai
      FILE desc.chx
   DIRECTORY ingres!files!charsets!whebrew
   BUILD_DIR (ING_BUILD)!files!charsets!whebrew
      FILE desc.chx
   DIRECTORY ingres!files!charsets!pchebrew
   BUILD_DIR (ING_BUILD)!files!charsets!pchebrew
      FILE desc.chx
   DIRECTORY ingres!files!charsets!warabic
   BUILD_DIR (ING_BUILD)!files!charsets!warabic
      FILE desc.chx
   DIRECTORY ingres!files!charsets!dosasmo
   BUILD_DIR (ING_BUILD)!files!charsets!dosasmo
      FILE desc.chx
   DIRECTORY ingres!files!charsets!utf8
   BUILD_DIR (ING_BUILD)!files!charsets!utf8
      FILE desc.chx
   DIRECTORY ingres!files!ucharmaps
   BUILD_DIR (ING_BUILD)!files!ucharmaps
	FILE aliasmaptbl
	FILE ca-big5-cht-2004
	FILE ca-big5-cht-2004.xml
	FILE ca-big5-hkscs-cht-2004
	FILE ca-big5-hkscs-cht-2004.xml
	FILE ca-cp852-slav852-latin2-2004
	FILE ca-cp852-slav852-latin2-2004.xml
	FILE ca-cp856-hebrew_old-2004
	FILE ca-cp856-hebrew_old-2004.xml
	FILE ca-cp874-thai_euro-th-2004
	FILE ca-cp874-thai_euro-th-2004.xml
	FILE ca-cp943c-shiftjis-jp-2004
	FILE ca-cp943c-shiftjis-jp-2004.xml
	FILE ca-cp949-cn-2004
	FILE ca-cp949-cn-2004.xml
	FILE ca-cp950-big5_euro-cht-2004
	FILE ca-cp950-big5_euro-cht-2004.xml
	FILE ca-ebcdic-ibm37-2004
	FILE ca-ebcdic-ibm37-2004.xml
	FILE ca-ebcdic-xml-us-2004
	FILE ca-ebcdic-xml-us-2004.xml
	FILE ca-elot437-cp851-greek-2004
	FILE ca-elot437-cp851-greek-2004.xml
	FILE ca-euccn-gb2312-cn-2004
	FILE ca-euccn-gb2312-cn-2004.xml
	FILE ca-eucjp-kanjieuc-jp-2004
	FILE ca-eucjp-kanjieuc-jp-2004.xml
	FILE ca-euckr-kr-2004
	FILE ca-euckr-kr-2004.xml
	FILE ca-euctw-chteuc-2004
	FILE ca-euctw-chteuc-2004.xml
	FILE ca-gb2312-80-cn-2004
	FILE ca-gb2312-80-cn-2004.xml
	FILE ca-gbk-csgbk-cn-2004
	FILE ca-gbk-csgbk-cn-2004.xml
	FILE ca-hproman8-latin1-2004
	FILE ca-hproman8-latin1-2004.xml
	FILE ca-ibm1251-cyrillic-2004
	FILE ca-ibm1251-cyrillic-2004.xml
	FILE ca-ibm1255-hebrew-2004
	FILE ca-ibm1255-hebrew-2004.xml
	FILE ca-ibm367-ascii-2004
	FILE ca-ibm367-ascii-2004.xml
	FILE ca-ibm855-alt-cyrillic-2004
	FILE ca-ibm855-alt-cyrillic-2004.xml
	FILE ca-ibm858-latin1_euro-2004
	FILE ca-ibm858-latin1_euro-2004.xml
	FILE ca-ibm862-pchebrew-2004
	FILE ca-ibm862-pchebrew-2004.xml
	FILE ca-ibm864-arabic-2004
	FILE ca-ibm864-arabic-2004.xml
	FILE ca-ibm866-cyrillic-2004
	FILE ca-ibm866-cyrillic-2004.xml
	FILE ca-ibm867-hebrew-2004
	FILE ca-ibm867-hebrew-2004.xml
	FILE ca-ibm869-greek-2004
	FILE ca-ibm869-greek-2004.xml
	FILE ca-ibmpc437-pcus-2004
	FILE ca-ibmpc437-pcus-2004.xml
	FILE ca-ibmpc850-latin1-2004
	FILE ca-ibmpc850-latin1-2004.xml
	FILE ca-iso8859-1-latin1-2004
	FILE ca-iso8859-1-latin1-2004.xml
	FILE ca-iso8859-15-latin9-2004
	FILE ca-iso8859-15-latin9-2004.xml
	FILE ca-iso8859-2-latin2-2004
	FILE ca-iso8859-2-latin2-2004.xml
	FILE ca-iso8859-5-cyrillic-2004
	FILE ca-iso8859-5-cyrillic-2004.xml
	FILE ca-iso8859-6-arabic-2004
	FILE ca-iso8859-6-arabic-2004.xml
	FILE ca-iso8859-7-greek-2004
	FILE ca-iso8859-7-greek-2004.xml
	FILE ca-iso8859-8-hebrew-2004
	FILE ca-iso8859-8-hebrew-2004.xml
	FILE ca-iso8859-9-turkish-2004
	FILE ca-iso8859-9-turkish-2004.xml
	FILE ca-koi8-cyrillic-2004
	FILE ca-koi8-cyrillic-2004.xml
	FILE ca-ksc5601-korean-kr-2004
	FILE ca-ksc5601-korean-kr-2004.xml
	FILE ca-pc857-turkish-2004
	FILE ca-pc857-turkish-2004.xml
	FILE ca-tis620-wthai-th-2004
	FILE ca-tis620-wthai-th-2004.xml
	FILE ca-us-ascii-2004
	FILE ca-us-ascii-2004.xml
	FILE ca-win1250-latin2-2004
	FILE ca-win1250-latin2-2004.xml
	FILE ca-win1251-cyrillic-2004
	FILE ca-win1251-cyrillic-2004.xml
	FILE ca-win1252-latin1-2004
	FILE ca-win1252-latin1-2004.xml
	FILE ca-win1253-greek_euro-2004
	FILE ca-win1253-greek_euro-2004.xml
	FILE ca-win1254-turkish-2004
	FILE ca-win1254-turkish-2004.xml
	FILE ca-win1255-whebrew-2004
	FILE ca-win1255-whebrew-2004.xml
	FILE ca-win1256-warabic-2004
	FILE ca-win1256-warabic-2004.xml
	FILE charactermapping.dtd
	FILE charactermappingaliases.dtd
	FILE charmapalias.xml
	FILE default
	FILE default.xml
   DIRECTORY ingres!utility
   BUILD_DIR (ING_BUILD)!utility
      EXECUTABLE unimapcompile 
      EXECUTABLE unialscompile 
