PART   dbms
   capability CI_BACKEND
   DIRECTORY ingres!bin
   BUILD_DIR (ING_BUILD)!bin
   {
   PERMISSION s:rwed,o:rwed,g:re,w:re,setuid
      EXECUTABLE iimerge
      LINK cacheutil
      LINK dmfacp
      LINK dmfjsp
      LINK dmfrcp
      LINK iidbms
      LINK iishowres
      LINK iistar
      LINK lartool
      LINK lockstat
      LINK logdump
      LINK logstat
      LINK rcpconfig
      LINK rcpstat
      LINK repstat
   }
      EXECUTABLE iislave
   DIRECTORY ingres!files
   BUILD_DIR (ING_BUILD)!files
   {
   PERMISSION s:rwed,o:rwed,g:re,w:re # needs SCRIPT permissions
      FILE acpexit.def
         CUSTOM
   }
      FILE dbms.rfm
      FILE dbms.crs
   DIRECTORY ingres!utility
   BUILD_DIR (ING_BUILD)!utility
      SCRIPT mkrawarea
      SCRIPT iilink
      EXECUTABLE iinumainfo
      SCRIPT SETUP iisudbms
      EXECUTABLE iimklog
    DIRECTORY ingres!lib
    BUILD_DIR (ING_BUILD)!lib
	FILE iimerge.o
   BUILD_DIR (ING_BUILD)!lib
   DIRECTORY ingres!lib
     {
      FILE iimerge.a
      }
