PART   frs
   BUILD_DIR (ING_BUILD)!files
      FILE termcap
      FILE 97801f.map
      FILE ansif.map
      FILE ansinf.map
      FILE at386.map
      FILE bull12.map
      FILE bull24.map
      FILE bullbds1.map
      FILE bullvtu10.map
      FILE bullwv.map
      FILE dg100em.map
      FILE dg220em.map
      FILE dgxterm.map
      FILE dtterm.map
      FILE frs.map
      FILE gnome-sun.map
      FILE gnome-sun4.map
      FILE h19f.map
      FILE h19nk.map
      FILE hp2392.map
      FILE hp70092.map
      FILE hpterm.map
      FILE ibm5151f.map
      FILE icl12.map
      FILE icl34.map
      FILE icl5.map
      FILE icldrs.map
      FILE io8256.map
      FILE iris-ansi.map
      FILE konsole.map
      FILE linuxvc.map
      FILE m30n.map
      FILE m91e.map
      FILE mac2.map
      FILE mws00.map
      FILE mws01.map
      FILE mws02.map
      FILE mws03.map
      FILE mws04.map
      FILE mws05.map
      FILE mws06.map
      FILE pc-220.map
      FILE pc-305.map
      FILE pc-386.map
      FILE pckermit.map
      FILE pt35.map
      FILE pt35t.map
      FILE suncmdf.map
      FILE sunf.map
      FILE sunk.map
      FILE sunm.map
      FILE suntype5.map
      FILE tk4105.map
      FILE vt100hp.map
      FILE vt220ak.map
      FILE wview.map
      FILE wy60at.map
      FILE xsun.map
      FILE vt100f.map
      FILE vt100i.map
      FILE vt100nk.map
      FILE vt200i.map
      FILE vt220.map
