PART   ice
   DIRECTORY ingres!files
   BUILD_DIR (ING_BUILD)!files
	FILE icesvr.crs
	FILE ice.rfm
	FILE ice_c_api.h
   DIRECTORY ingres!files!dynamic
   BUILD_DIR (ING_BUILD)!files!dynamic
	EXECUTABLE libplay_NewOrder.so.2.0
   DIRECTORY ingres!files!english
   BUILD_DIR (ING_BUILD)!files!english
	FILE ddfclass.hlp
	FILE ddfddi.hlp
	FILE ddfname.hlp
	FILE ddfnode.hlp
	FILE iceappdr.hlp
	FILE iceapps.hlp
	FILE iceblkct.hlp
	FILE iceblksz.hlp
	FILE icecbref.hlp
	FILE icecfloc.hlp
        FILE icecfws.hlp
        FILE icecgibn.hlp
	FILE iceclass.hlp
	FILE icecli.hlp
	FILE iceconnt.hlp
	FILE icedbovr.hlp
	FILE icedbtmo.hlp
	FILE icedbusr.hlp
	FILE icedefdb.hlp
	FILE icedefid.hlp
	FILE icedocs.hlp
	FILE icedsess.hlp
	FILE icedsql.hlp
	FILE iceexe.hlp
	FILE iceexts.hlp
	FILE icefiles.hlp
	FILE icehome.hlp
	FILE icehthom.hlp
	FILE iceimage.hlp
        FILE icelocfm.hlp
	FILE icelocs.hlp
        FILE icelstfr.hlp
	FILE iceright.hlp
	FILE icerqtmo.hlp
	FILE icesesto.hlp
	FILE icesrver.hlp
	FILE icesysad.hlp
	FILE icesytmo.hlp
	FILE iceunits.hlp
	FILE iceusers.hlp
	FILE iceusess.hlp
        FILE iceusrfr.hlp
	FILE icevars.hlp
        FILE icext.hlp
        FILE icextfrm.hlp
   DIRECTORY ingres!utility
   BUILD_DIR (ING_BUILD)!utility
      SCRIPT iirunice
      SCRIPT SETUP iisuice
   DIRECTORY ingres!lib
   BUILD_DIR (ING_BUILD)!lib
      FILE liboiicecapi.a
      EXECUTABLE liboiddi.so.2.0
   DIRECTORY ingres!ice!DTD
   BUILD_DIR (ING_BUILD)!ice!DTD
	FILE icelang_frag.dtd
        FILE xhtml-lat1.ent
        FILE xhtml-special.ent
        FILE xhtml-symbol.ent
        FILE xhtml1-transitional.dtd 
	FILE ingres.dtd
   DIRECTORY ingres!ice!icetool
   BUILD_DIR (ING_BUILD)!ice!icetool
	FILE act_sess.html
	FILE actapp.html
	FILE actbucopy.html
	FILE actbuloc.html
	FILE actburole.html
	FILE actbuuser.html
	FILE actcache.html
	FILE actconn.html
	FILE actcursor.html
	FILE actdb.html
	FILE actdbuser.html
	FILE actdoc.html
	FILE actdocrole.html
	FILE actdocuser.html
	FILE action.html
	FILE actloc.html
	FILE actprofconn.html
	FILE actprofile.html
	FILE actprofrole.html
	FILE actrole.html
	FILE acttrans.html
	FILE actunit.html
	FILE actuser.html
	FILE actuserconn.html
	FILE actuserrole.html
	FILE actusersess.html
	FILE actvar.html
	FILE authorized.html
	FILE begin.html
	FILE buLocs.html
	FILE bucopy.html
	FILE budright.html
	FILE buloc.html
	FILE bumain.html
	FILE bumenu.html
	FILE bumocs.html
	FILE bupages.html
	FILE bupagesInfo.html
	FILE bupagestorage.html
	FILE bupcode.html
	FILE bupdelete.html
	FILE bupmenu.html
	FILE buprop.html
	FILE bupupdate.html
	FILE bupview.html
	FILE buright.html
	FILE buunit.html
	FILE buunits.html
	FILE buwelcome.html
	FILE cache.html
	FILE connection.html
	FILE cursor.html
	FILE dirfiles.html
	FILE end.html
	FILE filetable.html
	FILE fill.html
	FILE jasmenu.html
	FILE login.html
	FILE main.html
	FILE menprop.html
	FILE mentitle.html
	FILE menu.html
	FILE result.html
	FILE secdb.html
	FILE secdbs.html
	FILE secdbu.html
	FILE secdbuprop.html
	FILE secdbus.html
	FILE secmenu.html
	FILE secprofconn.html
	FILE secprofconns.html
	FILE secprofile.html
	FILE secprofiles.html
	FILE secprofrole.html
	FILE secprofroles.html
	FILE secrole.html
	FILE secrols.html
	FILE section.html
	FILE secuser.html
	FILE secuserConn.html
	FILE secuserConns.html
	FILE secuserRole.html
	FILE secuserRoles.html
	FILE secuses.html
	FILE secwelcome.html
	FILE serapp.html
	FILE serapps.html
	FILE serloc.html
	FILE serlocs.html
	FILE sermenu.html
	FILE servar.html
	FILE servars.html
	FILE serwelcome.html
	FILE submit.html
	FILE title.html
	FILE transaction.html
	FILE upload.html
	FILE usr_sess.html
	FILE access.gif
	FILE cancel.gif
	FILE closed.gif
	FILE code.gif
	FILE delete.gif
	FILE download.gif
	FILE empty.gif
	FILE icon_access.gif
	FILE icon_act_sess.gif
	FILE icon_app.gif
	FILE icon_apps.gif
	FILE icon_cache.gif
	FILE icon_copy.gif
	FILE icon_curs.gif
	FILE icon_db.gif
	FILE icon_dbs.gif
	FILE icon_dbu.gif
	FILE icon_dbus.gif
	FILE icon_loc.gif
	FILE icon_locs.gif
	FILE icon_monit.gif
	FILE icon_multi.gif
	FILE icon_multis.gif
	FILE icon_page.gif
	FILE icon_pages.gif
	FILE icon_profile.gif
	FILE icon_profiles.gif
	FILE icon_rmulti.gif
	FILE icon_role.gif
	FILE icon_roles.gif
	FILE icon_rpage.gif
	FILE icon_trans.gif
	FILE icon_unit.gif
	FILE icon_units.gif
	FILE icon_user.gif
	FILE icon_users.gif
	FILE icon_var.gif
	FILE icon_vars.gif
	FILE iipe_anim.gif
	FILE lastclosed.gif
	FILE lastleaf.gif
	FILE lastopened.gif
	FILE leaf.gif
	FILE logout.gif
	FILE menu.gif
	FILE nobranch.gif
	FILE opened.gif
	FILE security_anim.gif
	FILE server_anim.gif
	FILE submit.gif
	FILE update.gif
	FILE view.gif
   DIRECTORY ingres!ice!icetutor
   BUILD_DIR (ING_BUILD)!ice!icetutor
	FILE attr.html
	FILE autodeclare.html
	FILE begin.html
	FILE checkSQL.html
	FILE commit.html
	FILE content.html
	FILE cursor.html
	FILE database.html
	FILE docAccess.html
	FILE docCache.html
	FILE docCall.html
	FILE docCall2.html
	FILE docCall3.html
	FILE docCreation.html
	FILE docDef.html
	FILE docLabel.html
	FILE docName.html
	FILE docOwner.html
	FILE download.html
	FILE else.html
	FILE end.html
	FILE error.html
	FILE extension.html
	FILE format.html
	FILE format2.html
	FILE formatHtml.html
	FILE genIlogin.html
	FILE header.html
	FILE header2.html
	FILE if.html
	FILE if1.html
	FILE if2.html
	FILE if3.html
	FILE if4.html
	FILE ifResult.html
	FILE in.html
	FILE in2.html
	FILE in3.html
	FILE include.html
	FILE include2.html
	FILE include3.html
	FILE include32.html
	FILE include4.html
	FILE include5.html
	FILE intro.html
	FILE jasmenu.html
	FILE links.html
	FILE links2.html
	FILE login.html
	FILE main.html
	FILE menProp.html
	FILE menu.html
	FILE nullvar.html
	FILE out.html
	FILE out2.html
	FILE recursive.html
	FILE repeat.html
	FILE rollback.html
	FILE rows.html
	FILE server.html
	FILE sqlFinal.html
	FILE sqlResult.html
	FILE statement.html
	FILE then.html
	FILE Title.html
	FILE transResult.html
	FILE transaction.html
	FILE unitAccess.html
	FILE unitConf.html
	FILE unitCreation.html
	FILE unitDef.html
	FILE unitOwner.html
	FILE upload.html
	FILE vardef.html
	FILE varget.html
	FILE varset.html
	FILE varset2.html
	FILE capbuaccess.gif
	FILE capbucreate.gif
	FILE capbuloc.gif
	FILE capdocaccess.gif
	FILE capdoccreate.gif
	FILE closed.gif
	FILE empty.gif
	FILE icon_book.gif
	FILE icon_chap.gif
	FILE icon_multi.gif
	FILE icon_page.gif
	FILE lastclosed.gif
	FILE lastleaf.gif
	FILE lastopened.gif
	FILE leaf.gif
	FILE logout.gif
	FILE next.gif
	FILE nobranch.gif
	FILE opened.gif
	FILE previous.gif
   DIRECTORY ingres!ice!public
   BUILD_DIR (ING_BUILD)!ice!public
	FILE ice_index.html
	FILE ice.css
   DIRECTORY ingres!ice!scripts
   BUILD_DIR (ING_BUILD)!ice!scripts
	FILE icedbusr.sql
	FILE icedemo.sql
	FILE icefiles.dat
	FILE iceinit.sql
	FILE icinit92.sql
	FILE iceload.dat
	FILE iceplays.sql
	FILE icesample.sql
	FILE icetool.sql
	FILE icetutor.sql
	FILE iceuser.sql
   DIRECTORY ingres!ice!images
   BUILD_DIR (ING_BUILD)!ice!images
	FILE bullet1.gif
	FILE ice.gif
	FILE ingreslogo.gif
	FILE logout.gif
	FILE rbf.gif
	FILE welcome.gif
   DIRECTORY ingres!ice!samples!app
   BUILD_DIR (ING_BUILD)!ice!samples!app
	FILE app.html
	FILE iceapp.c
	FILE Makefile
   DIRECTORY ingres!ice!samples!dbproc
   BUILD_DIR (ING_BUILD)!ice!samples!dbproc
	FILE proc.html
	FILE result.html
	FILE proc.sql
   DIRECTORY ingres!ice!samples!query
   BUILD_DIR (ING_BUILD)!ice!samples!query
	FILE dsql.html
	FILE isql.html
	FILE blank.html
	FILE msql.html
	FILE help.html
	FILE msql.xml
   DIRECTORY ingres!ice!samples!report
   BUILD_DIR (ING_BUILD)!ice!samples!report
	FILE blank.html
	FILE existing.rw
	FILE htmlrbf.rw
	FILE htmlwrite.rw
	FILE htmlwvar.rw
	FILE report.html
	FILE report1.html
	FILE report2.html
	FILE report3.html
	FILE reportfr1.html
	FILE reportfrm.html
	FILE reporthdr.html
   DIRECTORY ingres!ice!plays
   BUILD_DIR (ING_BUILD)!ice!plays
	FILE play_SessionControl_h.html
	FILE play_TxnCndCmt_h.html
	FILE play_all.html
	FILE play_allWrap.html
	FILE play_allWrapSub.html
	FILE play_autoUser.html
	FILE play_home.html
	FILE play_login.html
	FILE play_public.css
	FILE play_newProduct.html
	FILE play_newProductInsert.html
	FILE play_shopAction_h.html
	FILE play_shopAdd.html
	FILE play_shopConfirm.html
	FILE play_shopDescribe.html
	FILE play_shopHome.html
	FILE play_shopRemove.html
	FILE play_shopView.html
	FILE play_subSet.html
	FILE play_styleSheet.css
	FILE play_typeGLink.html
	FILE play_typeGSLink.html
	FILE play_typeLink.html
	FILE play_typeLinkSubSet.html
	FILE play_typeList.html
	FILE play_welcome.html
	FILE OldGlobe.gif
	FILE logout.gif
	FILE bgpaper.gif
	FILE comedy.gif
	FILE history.gif
	FILE tragedy.gif
   DIRECTORY ingres!ice!plays!src
   BUILD_DIR (ING_BUILD)!ice!plays!src
	FILE Makefile
	FILE play_NewOrder.h
	FILE play_NewOrder.sc
   DIRECTORY ingres!ice!plays!tutorialGuide
   BUILD_DIR (ING_BUILD)!ice!plays!tutorialGuide
	FILE fr_account.html
	FILE fr_before.html
	FILE fr_blank.html
	FILE fr_browser.html
	FILE fr_combo.html
	FILE fr_contents.html
	FILE fr_design.html
	FILE fr_directory.html
	FILE fr_example.html
	FILE fr_home.html
	FILE fr_if.html
	FILE fr_imageLink.html
	FILE fr_imageSwitchLink.html
	FILE fr_introduction.html
	FILE fr_linkSubSet.html
	FILE fr_login.html
	FILE fr_playList.html
	FILE fr_register.html
	FILE fr_select.html
	FILE fr_shopAdd.html
	FILE fr_shopCommit.html
	FILE fr_shopDescribe.html
	FILE fr_shopHome.html
	FILE fr_shopRemove.html
	FILE fr_shopView.html
	FILE fr_skeleton.html
	FILE fr_subSet.html
	FILE fr_template.html
	FILE fr_textLink.html
	FILE frameSet.html
	FILE index.html
	FILE arrow_next.gif
	FILE plus.gif
        FILE submit.gif
        FILE server_anim.gif
	FILE tutorial.css
   DIRECTORY ingres!ice!bin
   BUILD_DIR (ING_BUILD)!ice!bin
      EXECUTABLE ice
      EXECUTABLE iceapp.cgi
   DIRECTORY ingres!ice!bin!apache
   BUILD_DIR (ING_BUILD)!ice!bin!apache
      EXECUTABLE oiice.cgi
      EXECUTABLE oiice.1.so
      FILE ice.conf
   DIRECTORY ingres!bin
   BUILD_DIR (ING_BUILD)!bin
      EXECUTABLE deregdocs
      EXECUTABLE icesvr
      EXECUTABLE icesvrloc
      EXECUTABLE icedbuser
      EXECUTABLE regdocs
      EXECUTABLE makeid
      EXECUTABLE ICETranslate
