PART   mwruntime
   DIRECTORY ingres!mwrun!mw
   BUILD_DIR (MWHOME)
      FILE setmwruntime
      FILE setmwruntime.csh
      FILE setup-mwuser
      FILE setup-mwuser.csh
      FILE win.ini
   DIRECTORY ingres!mwrun!mw!afm
   BUILD_DIR (MWHOME)!afm
      FILE Courier-Bold.afm
      FILE Courier-BoldOblique.afm
      FILE Courier-Oblique.afm
      FILE Courier.afm
      FILE Helvetica-Bold.afm
      FILE Helvetica-BoldOblique.afm
      FILE Helvetica-Oblique.afm
      FILE Helvetica.afm
      FILE Times-Bold.afm
      FILE Times-BoldItalic.afm
      FILE Times-Italic.afm
      FILE Times-Roman.afm
   DIRECTORY ingres!mwrun!mw!bin-linux_optimized
   BUILD_DIR (MWHOME)!bin-linux_optimized
      EXECUTABLE mwcleanup
      EXECUTABLE mwfontcache
      EXECUTABLE mwfwrapper
      EXECUTABLE mwgenfontcache
      EXECUTABLE mwrpcss
      EXECUTABLE rpcss.secure
      EXECUTABLE regedit
      FILE regedit.rsb
      EXECUTABLE regsvr32
      FILE regsvr32.rsb
      EXECUTABLE rpcss
      EXECUTABLE winhlp32
      FILE winhlp32.rsb
   DIRECTORY ingres!mwrun!mw!bin-i86_linux
   BUILD_DIR (MWHOME)!bin-i86_linux
      EXECUTABLE mwperl
   DIRECTORY ingres!mwrun!mw!bin
   BUILD_DIR (MWHOME)!bin
      EXECUTABLE mwcolormanager
      EXECUTABLE mwgetconfigname
      EXECUTABLE mwgetether
      EXECUTABLE mwregsvr
      EXECUTABLE mwrmprops
      EXECUTABLE mwshowprops
      EXECUTABLE mwversion
      EXECUTABLE winhelp
   DIRECTORY ingres!mwrun!mw!helpfile
   BUILD_DIR (MWHOME)!helpfile
      FILE glossary.hlp
      FILE helpex.hlp
      FILE pscript.hlp
      FILE regedit.cnt
      FILE regedit.hlp
      FILE windows.cnt
      FILE windows.hlp
      FILE winhelp.hlp
      FILE winhlp32.cnt
      FILE winhlp32.hlp
   DIRECTORY ingres!mwrun!mw!lib-i86_linux
   BUILD_DIR (MWHOME)!lib-i86_linux
   DIRECTORY ingres!mwrun!mw!lib-i86_linux!nls
   BUILD_DIR (MWHOME)!lib-i86_linux!nls
      FILE c_10000.nls
      FILE c_1250.nls
      FILE c_1251.nls
      FILE c_1252.nls
      FILE c_1253.nls
      FILE c_1254.nls
      FILE c_1255.nls
      FILE c_1256.nls
      FILE c_1257.nls
      FILE c_1258.nls
      FILE c_20866.nls
      FILE c_28592.nls
      FILE c_437.nls
      FILE c_850.nls
      FILE c_932.nls
      FILE ctype.nls
      FILE l_except.nls
      FILE l_intl.nls
      FILE locale.nls
      FILE sortkey.nls
      FILE sorttbls.nls
      FILE unicode.nls
   DIRECTORY ingres!mwrun!mw!lib-linux
   BUILD_DIR (MWHOME)!lib-linux
      EXECUTABLE mwcolormanager
      EXECUTABLE mwgetcs
   DIRECTORY ingres!mwrun!mw!lib-linux_optimized
   BUILD_DIR (MWHOME)!lib-linux_optimized
      FILE atl.rsb
      EXECUTABLE atl.tlb
      FILE comcat.rsb
      FILE comctl32.rsb
      FILE comdlg32.rsb
      FILE ftsrch.rsb
      FILE gdiuser32.rsb
      FILE kernel32.rsb
      EXECUTABLE libactxprxy.$MWSLSFX
      EXECUTABLE libadvapi32.$MWSLSFX
      EXECUTABLE libatl.$MWSLSFX
      EXECUTABLE libcomcat.$MWSLSFX
      EXECUTABLE libcomctl32.$MWSLSFX
      EXECUTABLE libcomdlg32.$MWSLSFX
      EXECUTABLE libcoolmisc.$MWSLSFX
      EXECUTABLE libftsrch.$MWSLSFX
      EXECUTABLE libgdiuser32.$MWSLSFX
      EXECUTABLE libkernel32.$MWSLSFX
      EXECUTABLE libmfc400s.$MWSLSFX
      EXECUTABLE libmfc400su.$MWSLSFX
      EXECUTABLE libmsvcrt.$MWSLSFX
      EXECUTABLE libmw32.$MWSLSFX
      EXECUTABLE libmwicons.$MWSLSFX
      EXECUTABLE libntrtl.$MWSLSFX
      EXECUTABLE libole2ui.$MWSLSFX
      EXECUTABLE libole32.$MWSLSFX
      EXECUTABLE liboleaut32.$MWSLSFX
      EXECUTABLE libolepro32.$MWSLSFX
      EXECUTABLE libriched32.$MWSLSFX
      EXECUTABLE librpcltccm.$MWSLSFX
      EXECUTABLE librpcltscm.$MWSLSFX
      EXECUTABLE librpcrt4.$MWSLSFX
      EXECUTABLE librpcssp.$MWSLSFX
      EXECUTABLE libshdocvw.$MWSLSFX
      EXECUTABLE libshell32.$MWSLSFX
      EXECUTABLE libshlwapi.$MWSLSFX
      EXECUTABLE libuuid.$MWSLSFX
      EXECUTABLE libversion.$MWSLSFX
      EXECUTABLE libwinmm.$MWSLSFX
      EXECUTABLE libwsock32.$MWSLSFX
      EXECUTABLE libmwinitthunk.$MWSLSFX
      EXECUTABLE libcwrapper.$MWSLSFX
      FILE mfc400s.rsb
      FILE mfc400su.rsb
      FILE mwicons.rsb
      FILE ole2ui.rsb
      FILE ole32.rsb
      FILE olepro32.rsb
      EXECUTABLE olepro32.tlb
      FILE pscript.rsb
      FILE shdocvw.rsb
      FILE riched32.rsb
      FILE shell32.rsb
      FILE shlwapi.rsb
      EXECUTABLE stdole.tlb
      EXECUTABLE stdole2.tlb
      EXECUTABLE stdole32.tlb
      FILE version.rsb
      FILE win32k.rsb
   DIRECTORY ingres!mwrun!mw!lib
   BUILD_DIR (MWHOME)!lib
      FILE common-utilities.pl
      FILE mwgetconfigname
      FILE mwgetether.pl
      FILE mwuseconfig.csh
      FILE mwuseconfig.sh
   DIRECTORY ingres!mwrun!mw!system
   BUILD_DIR (MWHOME)!system
      FILE international.reg
      FILE mwinet.reg
      FILE mwshell32.reg
      FILE mwsystem.reg
      FILE hklm.bin
   DIRECTORY ingres!mwrun!sms
   BUILD_DIR (MWHOME)!..!sms
      FILE kb_patchid.txt
      FILE platform_requirements.csv
      FILE solution-database.csv
      EXECUTABLE check_platform.pl
      EXECUTABLE compiler_util.pl
      EXECUTABLE find_platform.pl
      EXECUTABLE util_func.pl
      FILE find_solution.pl
      FILE kb_compiler.txt
      FILE kb_sysid.txt
      FILE patch_util.pl
      FILE sms_definitions.pl
