PART packman
   BUILD_DIR (ING_BUILD)!utility
   DIRECTORY ingres!utility
      EXECUTABLE ingpackman
   BUILD_DIR (ING_BUILD)!files!pixmaps
   DIRECTORY ingres!files!pixmaps
      FILE check3.png
      FILE enterprise.ico
      FILE Ingres_Logo_WordMark_Trim.gif
      FILE tux.png
      FILE wabi.png
      FILE admin_32.ico
      FILE calendar_month_1_config_48.ico
      FILE connect_to_db_config_48.ico
      FILE connect_to_db_next_48.ico
      FILE folder_24.ico
      FILE folder_48.ico
      FILE database2_clock_48.ico
      FILE database2_config_48.ico
      FILE database2_info_48.ico
      FILE database2_next_48.ico
      FILE database2_reload_48.ico
      FILE database2_star_48.ico
      FILE database2_up_48.ico
      FILE info_16_2.ico
      FILE group_32.ico
      FILE network_48.ico
      FILE server_48.ico
      FILE server_complete_48.ico
      FILE server_custom_48.ico
      FILE terminal_48.ico
      FILE tool_add_48.ico
      FILE trash_48.ico
      FILE wizard_clock_48.ico
      FILE wizard_config_48.ico
      FILE world_clock_32.ico
      FILE world_database_128.ico
      FILE world_write_32.ico
