PART  rep
    capability CI_REPLICATOR
   DIRECTORY ingres!bin
   BUILD_DIR (ING_BUILD)!bin
      EXECUTABLE repmgr
      EXECUTABLE repserv
      EXECUTABLE rsstatd
      EXECUTABLE repcat
      EXECUTABLE repmod
      EXECUTABLE repcfg
      EXECUTABLE arcclean
      EXECUTABLE dereplic
      EXECUTABLE reconcil
      EXECUTABLE repdbcfg
      EXECUTABLE convrep
      SCRIPT rpgensql
      SCRIPT rpserver
      EXECUTABLE ddgenrul
      EXECUTABLE ddgensup
      EXECUTABLE ddmovcfg
   DIRECTORY ingres!utility
   BUILD_DIR (ING_BUILD)!utility
      SCRIPT SETUP iisurep
   DIRECTORY ingres!files!rep
   BUILD_DIR (ING_BUILD)!files!rep
      FILE crarchiv.tlp
      FILE crshadow.tlp
      FILE delproc1.tlp
      FILE delproc2.tlp
      FILE insproc1.tlp
      FILE insproc2.tlp
      FILE ixshadow.tlp
      FILE mdarchiv.tlp
      FILE mdshadow.tlp
      FILE updproc1.tlp
      FILE updproc2.tlp
      FILE events.dat
      FILE flagvals.dat
      FILE optnvals.dat
      FILE svrflags.dat
   DIRECTORY ingres!files!english
   BUILD_DIR (ING_BUILD)!files!english
      FILE rmactchg.hlp
      FILE rmasgsho.hlp
      FILE rmcddbty.hlp
      FILE rmcdddef.hlp
      FILE rmcddsad.hlp
      FILE rmcddsed.hlp
      FILE rmcddstb.hlp
      FILE rmcddsum.hlp
      FILE rmcfgmen.hlp
      FILE rmcolmod.hlp
      FILE rmcrtins.hlp
      FILE rmdbadd.hlp
      FILE rmdbedit.hlp
      FILE rmdbsumm.hlp
      FILE rmdppdef.hlp
      FILE rmedfile.hlp
      FILE rmerrmod.hlp
      FILE rmevents.hlp
      FILE rmevtsnd.hlp
      FILE rmmaills.hlp
      FILE rmmonitr.hlp
      FILE rmmovcfg.hlp
      FILE rmpaths.hlp
      FILE rmrepmgr.hlp
      FILE rmreport.hlp
      FILE rmtargty.hlp
      FILE rmtbledt.hlp
      FILE rmtblint.hlp
      FILE rmtblsum.hlp
   DIRECTORY ingres!sig!rpclean
   BUILD_DIR (ING_BUILD)!sig!rpclean
      FILE readme.txt
      EXECUTABLE rpclean
