PART  setupsup
   DIRECTORY ingres!bin
   BUILD_DIR (ING_BUILD)!bin
      EXECUTABLE iibintst
      EXECUTABLE iimonitor
   DIRECTORY ingres!utility
   BUILD_DIR (ING_BUILD)!utility
      EXECUTABLE iiutltst
      EXECUTABLE convacct
      EXECUTABLE iipthreadtst
      SCRIPT iistartup
      SCRIPT iirundbms
      EXECUTABLE iigenres
      EXECUTABLE iigetres
      EXECUTABLE iiinitres
      EXECUTABLE iiingloc
      EXECUTABLE iipmhost
      EXECUTABLE iinethost
      EXECUTABLE iiremres
      EXECUTABLE iiresutl
      EXECUTABLE iisetres
      EXECUTABLE iisulock
      EXECUTABLE iivalres
      EXECUTABLE ingstart
      EXECUTABLE iicpydas
      SCRIPT ingstop
      SCRIPT iishlib
      EXECUTABLE iiread_response
      SCRIPT iiask4it
      SCRIPT iicnffiles
      SCRIPT iidsfree
      SCRIPT iiecholg
      SCRIPT iiechonn
      SCRIPT iifilsiz
      SCRIPT iigcfid
      SCRIPT iihostnm
      SCRIPT iisysdep
      SCRIPT iisyslim
      SCRIPT ingstatus
      SCRIPT mkrc
      SCRIPT ipcclean
      EXECUTABLE iimemkey
      EXECUTABLE lgkmkey
      EXECUTABLE cscleanup
      {
      PERMISSION s:rwed,o:rwed,g:re,w:re,setuid
      	EXECUTABLE csreport
      }
      EXECUTABLE iigetenv
      EXECUTABLE iirun
      EXECUTABLE syscheck
      EXECUTABLE csinstall
      SCRIPT iircpseg
   BUILD_DIR (ING_BUILD)!utility
     SCRIPT iirpmrename
     SCRIPT iigenpreinst
     SCRIPT iigenpostinst
     SCRIPT iigenpreun
     SCRIPT iicorepostinst
     SCRIPT iicorepreun
     SCRIPT iidbmspreinst
   DIRECTORY ingres!files
   BUILD_DIR (ING_BUILD)!files
      FILE default.rfm
      FILE tng.rfm
      FILE all.crs
      FILE tz.crs
      FILE tng.crs
   DIRECTORY ingres!files!rcfiles
   BUILD_DIR (ING_BUILD)!files!rcfiles
      FILE lnx.rc
