PART   tm
   capability CI_SQL_TM
   capability CI_QUEL_TM
   DIRECTORY ingres!files
   BUILD_DIR (ING_BUILD)!files
      FILE dayfile.dst
      FILE startsql.dst
      FILE startup.dst
   DIRECTORY ingres!files!english
   BUILD_DIR (ING_BUILD)!files!english
      FILE fserr.hlp
      FILE fsfile.hlp
      FILE fslinedt.hlp
      FILE fsoutput.hlp
      FILE fsqinput.hlp
      FILE fssinput.hlp
      FILE qrhlpsql.hlp
   DIRECTORY ingres!bin
   BUILD_DIR (ING_BUILD)!bin
      SCRIPT ingres
      SCRIPT iquel
      SCRIPT quel
      SCRIPT isql
      SCRIPT sql
      EXECUTABLE dataldr
      EXECUTABLE tm
      EXECUTABLE itm
   DIRECTORY ingres!utility
   BUILD_DIR (ING_BUILD)!utility
      SCRIPT SETUP iisutm
