PART   uadt
   capability CI_USER_ADT
   DIRECTORY ingres!demo!udadts
   BUILD_DIR (ING_BUILD)!demo!udadts
      FILE common.c
      FILE cpx.c
      FILE cpx.log
      FILE cpx.qry
      FILE iipk.h
      FILE depend.h
      FILE intlist.c
      FILE intlist.log
      FILE intlist.qry
      FILE numeric.c
      FILE numeric.txt
      FILE op.c
      FILE op_load.log
      FILE op_load.qry
      FILE op_test.log
      FILE op_test.qry
      FILE pnum_test.log
      FILE pnum_test.qry
      FILE udt.h
      FILE zchar.c
      FILE zchar.log
      FILE zchar.qry
      FILE nvarchar.c
      FILE nvarchar.log
      FILE nvarchar.qry
      FILE Makefile
      EXECUTABLE libdemoudt.1.so
      SCRIPT udttest
   DIRECTORY ingres!files
   BUILD_DIR (ING_BUILD)!files
      FILE iiadd.h
