PART  upgradefe
   BUILD_DIR (ING_BUILD)!bin
   DIRECTORY ingres!bin
      EXECUTABLE ad102fin
      EXECUTABLE ad102uin
      EXECUTABLE ad103fin
      EXECUTABLE ad103uin
      EXECUTABLE ad104uin
      EXECUTABLE ad105uin
      EXECUTABLE ad301fin
      EXECUTABLE cor02fin
      EXECUTABLE cor02uin
      EXECUTABLE msc01uin
      EXECUTABLE pdm01uin
      EXECUTABLE upgradefe
  {
   BUILD_DIR (ING_BUILD)!files!dictfiles
   DIRECTORY ingres!files!dictfiles
      FILE ad101cin.cre
      FILE ad101mgw.mfy
      FILE ad101min.mfy
      FILE ad102cin.cre
      FILE ad102mgw.mfy
      FILE ad102min.mfy
      FILE ad103cin.cre
      FILE ad103mgw.mfy
      FILE ad103min.mfy
      FILE ad104cin.cre
      FILE ad104mgw.mfy
      FILE ad104min.mfy
      FILE ad105cin.cre
      FILE ad105mgw.mfy
      FILE ad105min.mfy
      FILE ad201min.mfy
      FILE ad201mgw.mfy 
      FILE ad201cin.cre
      FILE w4gl1.cli
      FILE w4gl2.cli
      FILE ad301cin.cre
      FILE ad301mgw.mfy
      FILE ad301min.mfy
      FILE c6101cin.cre
      FILE c6101mgw.mfy
      FILE c6101min.mfy
      FILE cor01cin.cre
      FILE cor01mgw.mfy
      FILE cor01min.mfy
      FILE cor02cin.cre
      FILE cor02mgw.mfy
      FILE cor02min.mfy
      FILE dbd1.cli
      FILE dbd2.cli
      FILE dmd01cin.cre
      FILE dmd01mgw.mfy
      FILE dmd01min.mfy
      FILE ingres1.cli
      FILE ingres2.cli
      FILE ingres3.cli
      FILE ingres4.cli
      FILE msc01cin.cre
      FILE msc01mgw.mfy
      FILE msc01min.mfy
      FILE pdm01cin.cre
      FILE pdm01mgw.mfy
      FILE pdm01min.mfy
      FILE prods.lst
      FILE vision1.cli
      FILE vision2.cli
      FILE vision3.cli
  }
